[ngl.link/p/sent.html]
[backblue.gif]
[fade.gif]
[index.html]
[ngl.link/stylesheets/normalize.css]
[ngl.link/stylesheets/stylebb80.css]
[ajax.googleapis.com/ajax/libs/jquery/3.6.0/jquery.min.js]
[ngl.link/scripts/main5de1.js]
[ngl.link/scripts/mixpanel-jslib-snippet.js]
[ngl.link/images/left.png]
[ngl.link/images/sent.png]
[ngl.link/images/x.png]
[ngl.link/images/gold.png]
[ngl.link/p/terms.html]
[ngl.link/p/sent.html]
[ngl.link/stylesheets/normalize.css]
[ngl.link/p/privacy.html]
[ngl.link/images/profilePlaceholder.png]
[ngl.link/images/playIcon.png]
[ngl.link/stylesheets/stylebb80.css]
[assets.website-files.com/62a6e19b906fa55f541799d7/css/ngl-98c9e9.686fd3ba6.css]
[assets.website-files.com/62a6e19b906fa55f541799d7/62a98d01b8629c02bae2af2e_Variant5_32.png]
[assets.website-files.com/62a6e19b906fa55f541799d7/62a98d041030ce99f782fbde_Variant5_256.png]
[ngl.link/cdn-cgi/scripts/5c5dd728/cloudflare-static/email-decode.min.js]
[d3e54v103j8qbb.cloudfront.net/js/jquery-3.5.1.min.dc5e7f18c8aa2a.js]
[ngl.link/p/terms.html]
[ngl.link/p/privacy.html]
[assets.website-files.com/62a6e19b906fa55f541799d7/css/ngl-98c9e9.686fd3ba6.css]
[assets.website-files.com/62a6e19b906fa55f541799d7/js/ngl-98c9e9.10b38d740.js]
